TN:
SF:src\App.vue
FN:20,data
FN:3,onToggleTheme._cache.<computed>._cache.<computed>
FNF:2
FNH:2
FNDA:4,data
FNDA:1,onToggleTheme._cache.<computed>._cache.<computed>
DA:1,1
DA:2,1
DA:3,1
DA:5,1
DA:6,1
DA:7,1
DA:9,1
DA:10,1
DA:14,1
DA:15,1
DA:17,1
DA:18,1
DA:19,1
DA:20,1
DA:21,4
DA:22,4
DA:23,4
DA:24,4
DA:25,1
LF:19
LH:19
BRDA:20,0,0,4
BRDA:2,1,0,2
BRDA:2,2,0,4
BRDA:3,3,0,4
BRDA:3,4,0,1
BRF:5
BRH:5
end_of_record
TN:
SF:src\main.js
FN:1,(empty-report)
FNF:1
FNH:0
FNDA:0,(empty-report)
DA:1,0
DA:2,0
DA:3,0
DA:4,0
DA:5,0
DA:6,0
DA:7,0
LF:7
LH:0
BRDA:1,0,0,0
BRF:1
BRH:0
end_of_record
TN:
SF:src\components\Footer.vue
FNF:0
FNH:0
DA:2,1
DA:3,1
DA:4,1
DA:8,1
DA:9,1
DA:10,1
LF:6
LH:6
BRF:0
BRH:0
end_of_record
TN:
SF:src\components\Header.vue
FN:16,toggleTheme
FN:4,onClick._cache.<computed>._cache.<computed>
FNF:2
FNH:0
FNDA:0,toggleTheme
FNDA:0,onClick._cache.<computed>._cache.<computed>
DA:2,1
DA:3,1
DA:4,1
DA:5,1
DA:6,1
DA:7,1
DA:11,1
DA:12,1
DA:13,1
DA:14,1
DA:15,1
DA:16,1
DA:17,0
DA:18,0
DA:19,1
DA:20,1
LF:16
LH:14
BRDA:3,0,0,4
BRDA:4,1,0,4
BRDA:5,2,0,2
BRDA:5,3,0,4
BRF:4
BRH:4
end_of_record
TN:
SF:src\data\mesas.js
FN:1,(empty-report)
FNF:1
FNH:0
FNDA:0,(empty-report)
DA:1,0
LF:1
LH:0
BRDA:1,0,0,0
BRF:1
BRH:0
end_of_record
TN:
SF:src\router\index.js
FN:1,(empty-report)
FNF:1
FNH:0
FNDA:0,(empty-report)
DA:1,0
DA:2,0
DA:3,0
DA:4,0
DA:5,0
DA:6,0
DA:7,0
DA:8,0
DA:9,0
DA:10,0
DA:11,0
DA:12,0
DA:13,0
DA:14,0
DA:15,0
DA:16,0
LF:16
LH:0
BRDA:1,0,0,0
BRF:1
BRH:0
end_of_record
TN:
SF:src\services\SingletonAuthService.js
FN:1,(empty-report)
FNF:1
FNH:0
FNDA:0,(empty-report)
DA:1,0
DA:2,0
DA:3,0
DA:4,0
DA:5,0
DA:6,0
DA:7,0
DA:8,0
DA:9,0
DA:10,0
DA:11,0
DA:12,0
DA:13,0
DA:14,0
DA:15,0
DA:16,0
DA:17,0
DA:18,0
DA:19,0
DA:20,0
DA:21,0
DA:22,0
DA:23,0
DA:24,0
DA:25,0
DA:26,0
DA:27,0
DA:28,0
DA:29,0
DA:30,0
DA:31,0
DA:32,0
DA:33,0
DA:34,0
DA:35,0
DA:36,0
DA:37,0
DA:38,0
LF:38
LH:0
BRDA:1,0,0,0
BRF:1
BRH:0
end_of_record
TN:
SF:src\views\configuracion.vue
FN:1,(empty-report)
FNF:1
FNH:0
FNDA:0,(empty-report)
DA:1,0
LF:1
LH:0
BRDA:1,0,0,0
BRF:1
BRH:0
end_of_record
TN:
SF:src\views\dashboard.vue
FN:21,data
FN:52,mesasAsignadas
FN:61,obtenerRol
FN:64,obtenerOtroNombre
FN:70,mounted
FNF:5
FNH:5
FNDA:2,data
FNDA:4,mesasAsignadas
FNDA:8,obtenerRol
FNDA:4,obtenerOtroNombre
FNDA:2,mounted
DA:1,2
DA:2,2
DA:3,2
DA:4,2
DA:6,2
DA:7,2
DA:8,2
DA:9,1
DA:10,1
DA:11,1
DA:12,1
DA:13,1
DA:14,1
DA:18,1
DA:20,1
DA:21,1
DA:22,2
DA:23,2
DA:24,2
DA:25,2
DA:26,2
DA:27,2
DA:28,2
DA:29,2
DA:30,2
DA:31,2
DA:32,2
DA:33,2
DA:34,2
DA:35,2
DA:36,2
DA:37,2
DA:38,2
DA:39,2
DA:40,2
DA:41,2
DA:42,2
DA:43,2
DA:44,2
DA:45,2
DA:46,2
DA:47,2
DA:48,2
DA:49,2
DA:50,1
DA:51,1
DA:52,1
DA:53,4
DA:54,4
DA:55,12
DA:56,4
DA:57,4
DA:58,4
DA:59,1
DA:60,1
DA:61,1
DA:62,8
DA:63,1
DA:64,1
DA:65,4
DA:66,4
DA:67,4
DA:68,4
DA:69,1
DA:70,1
DA:71,2
DA:72,2
DA:73,2
DA:74,1
LF:69
LH:69
BRDA:21,0,0,2
BRDA:52,1,0,4
BRDA:54,2,0,12
BRDA:55,3,0,10
BRDA:61,4,0,8
BRDA:62,5,0,4
BRDA:62,6,0,4
BRDA:64,7,0,4
BRDA:66,8,0,2
BRDA:67,9,0,2
BRDA:70,10,0,2
BRDA:72,11,0,0
BRDA:4,12,0,2
BRDA:8,13,0,2
BRDA:1,14,0,2
BRDA:9,15,0,2
BRDA:10,16,0,2
BRDA:10,17,0,2
BRF:18
BRH:17
end_of_record
TN:
SF:src\views\login.vue
FN:26,data
FN:34,login
FN:1,onUpdate:modelValue._cache.<computed>._cache.<computed>
FN:1,onUpdate:modelValue._cache.<computed>._cache.<computed>
FNF:4
FNH:4
FNDA:2,data
FNDA:2,login
FNDA:2,onUpdate:modelValue._cache.<computed>._cache.<computed>
FNDA:2,onUpdate:modelValue._cache.<computed>._cache.<computed>
DA:1,2
DA:2,2
DA:3,2
DA:4,2
DA:5,2
DA:6,2
DA:7,2
DA:8,2
DA:10,2
DA:11,2
DA:12,1
DA:13,1
DA:15,1
DA:17,1
DA:18,1
DA:19,1
DA:23,1
DA:25,1
DA:26,1
DA:27,2
DA:28,2
DA:29,2
DA:30,2
DA:31,2
DA:32,1
DA:33,1
DA:34,1
DA:35,2
DA:36,2
DA:37,1
DA:38,1
DA:39,1
DA:40,1
DA:41,2
DA:42,1
DA:43,1
LF:36
LH:36
BRDA:26,0,0,2
BRDA:34,1,0,2
BRDA:36,2,0,1
BRDA:3,3,0,2
BRDA:4,4,0,2
BRDA:6,5,0,2
BRDA:1,6,0,2
BRDA:11,7,0,2
BRDA:1,8,0,2
BRDA:15,9,0,2
BRDA:17,10,0,1
BRDA:1,11,0,6
BRDA:1,12,0,2
BRDA:1,13,0,2
BRDA:1,14,0,2
BRF:15
BRH:15
end_of_record
